<?xml version="1.0" encoding="UTF-8"?>
<!-- Generated by org.testng.reporters.JUnitXMLReporter -->
<testsuite ignored="8" hostname="MCKL-20005052" failures="0" tests="1" name="Default test" time="11.023" errors="0" timestamp="2021-11-17T15:23:16 IST">
  <testcase classname="com.webapp.test.medicare.MedicareUserTest" name="testUserCart" time="1.423"/>
  <testcase classname="com.webapp.test.medicare.MedicareUserTest" name="testHompageSource" time="0.0">
    <ignored/>
  </testcase> <!-- testHompageSource -->
  <testcase classname="com.webapp.test.medicare.MedicareUserTest" name="testLoginButton" time="0.0">
    <ignored/>
  </testcase> <!-- testLoginButton -->
  <testcase classname="com.webapp.test.medicare.MedicareUserTest" name="testMedicareHomepage" time="0.0">
    <ignored/>
  </testcase> <!-- testMedicareHomepage -->
  <testcase classname="com.webapp.test.medicare.MedicareUserTest" name="testSignUpButton" time="0.0">
    <ignored/>
  </testcase> <!-- testSignUpButton -->
  <testcase classname="com.webapp.test.medicare.MedicareUserTest" name="testUserLogin" time="0.0">
    <ignored/>
  </testcase> <!-- testUserLogin -->
  <testcase classname="com.webapp.test.medicare.MedicareUserTest" name="testUserSignUp" time="0.0">
    <ignored/>
  </testcase> <!-- testUserSignUp -->
  <testcase classname="com.webapp.test.medicare.MedicareUserTest" name="testUserLoginElements" time="0.0">
    <ignored/>
  </testcase> <!-- testUserLoginElements -->
  <testcase classname="com.webapp.test.medicare.MedicareUserTest" name="testAboutButton" time="0.0">
    <ignored/>
  </testcase> <!-- testAboutButton -->
</testsuite> <!-- Default test -->
