<?xml version="1.0" encoding="UTF-8"?>
<!-- Generated by org.testng.reporters.JUnitXMLReporter -->
<testsuite ignored="0" hostname="MCKL-20005052" failures="0" tests="8" name="Admin Test" time="46.87" errors="0" timestamp="2021-11-17T15:24:57 IST">
  <testcase classname="com.webapp.test.medicare.MedicareAdminTest" name="testAboutButton" time="0.11"/>
  <testcase classname="com.webapp.test.medicare.MedicareAdminTest" name="testAdminLogin" time="1.28"/>
  <testcase classname="com.webapp.test.medicare.MedicareAdminTest" name="testAdminLoginElements" time="0.193"/>
  <testcase classname="com.webapp.test.medicare.MedicareAdminTest" name="testAdminManageProducts" time="1.494"/>
  <testcase classname="com.webapp.test.medicare.MedicareAdminTest" name="testAdminViewProducts" time="1.399"/>
  <testcase classname="com.webapp.test.medicare.MedicareAdminTest" name="testHompageSource" time="0.017"/>
  <testcase classname="com.webapp.test.medicare.MedicareAdminTest" name="testLoginButton" time="0.115"/>
  <testcase classname="com.webapp.test.medicare.MedicareAdminTest" name="testMedicareHomepage" time="0.025"/>
</testsuite> <!-- Admin Test -->
