<?xml version="1.0" encoding="UTF-8"?>
<!-- Generated by org.testng.reporters.JUnitXMLReporter -->
<testsuite ignored="0" hostname="MCKL-20005052" failures="0" tests="9" name="User Test" time="46.137" errors="0" timestamp="2021-11-17T15:24:10 IST">
  <testcase classname="com.webapp.test.medicare.MedicareUserTest" name="testAboutButton" time="0.097"/>
  <testcase classname="com.webapp.test.medicare.MedicareUserTest" name="testHompageSource" time="0.017"/>
  <testcase classname="com.webapp.test.medicare.MedicareUserTest" name="testLoginButton" time="0.125"/>
  <testcase classname="com.webapp.test.medicare.MedicareUserTest" name="testMedicareHomepage" time="0.019"/>
  <testcase classname="com.webapp.test.medicare.MedicareUserTest" name="testSignUpButton" time="0.156"/>
  <testcase classname="com.webapp.test.medicare.MedicareUserTest" name="testUserCart" time="1.411"/>
  <testcase classname="com.webapp.test.medicare.MedicareUserTest" name="testUserLogin" time="1.281"/>
  <testcase classname="com.webapp.test.medicare.MedicareUserTest" name="testUserLoginElements" time="0.195"/>
  <testcase classname="com.webapp.test.medicare.MedicareUserTest" name="testUserSignUp" time="0.255"/>
</testsuite> <!-- User Test -->
