<?xml version="1.0" encoding="UTF-8"?>
<testng-results ignored="0" total="17" passed="17" failed="0" skipped="0">
  <reporter-output>
  </reporter-output>
  <suite started-at="2021-11-17T15:23:24 IST" name="Medicare Testsuite" finished-at="2021-11-17T15:24:57 IST" duration-ms="93060">
    <groups>
    </groups>
    <test started-at="2021-11-17T15:23:24 IST" name="User Test" finished-at="2021-11-17T15:24:10 IST" duration-ms="46137">
      <class name="com.webapp.test.medicare.MedicareUserTest">
        <test-method is-config="true" signature="beforeMethod()[pri:0, instance:com.webapp.test.medicare.MedicareUserTest@48ae9b55]" started-at="2021-11-17T15:23:24 IST" name="beforeMethod" finished-at="2021-11-17T15:23:29 IST" duration-ms="5050" status="PASS">
          <reporter-output>
          </reporter-output>
        </test-method> <!-- beforeMethod -->
        <test-method signature="testAboutButton()[pri:0, instance:com.webapp.test.medicare.MedicareUserTest@48ae9b55]" started-at="2021-11-17T15:23:29 IST" name="testAboutButton" finished-at="2021-11-17T15:23:29 IST" duration-ms="97" status="PASS">
          <reporter-output>
          </reporter-output>
        </test-method> <!-- testAboutButton -->
        <test-method is-config="true" signature="afterMethod()[pri:0, instance:com.webapp.test.medicare.MedicareUserTest@48ae9b55]" started-at="2021-11-17T15:23:29 IST" name="afterMethod" finished-at="2021-11-17T15:23:33 IST" duration-ms="4404" status="PASS">
          <reporter-output>
          </reporter-output>
        </test-method> <!-- afterMethod -->
        <test-method is-config="true" signature="beforeMethod()[pri:0, instance:com.webapp.test.medicare.MedicareUserTest@48ae9b55]" started-at="2021-11-17T15:23:33 IST" name="beforeMethod" finished-at="2021-11-17T15:23:37 IST" duration-ms="3603" status="PASS">
          <reporter-output>
          </reporter-output>
        </test-method> <!-- beforeMethod -->
        <test-method signature="testHompageSource()[pri:0, instance:com.webapp.test.medicare.MedicareUserTest@48ae9b55]" started-at="2021-11-17T15:23:37 IST" name="testHompageSource" finished-at="2021-11-17T15:23:37 IST" duration-ms="17" status="PASS">
          <reporter-output>
          </reporter-output>
        </test-method> <!-- testHompageSource -->
        <test-method is-config="true" signature="afterMethod()[pri:0, instance:com.webapp.test.medicare.MedicareUserTest@48ae9b55]" started-at="2021-11-17T15:23:37 IST" name="afterMethod" finished-at="2021-11-17T15:23:42 IST" duration-ms="4406" status="PASS">
          <reporter-output>
          </reporter-output>
        </test-method> <!-- afterMethod -->
        <test-method is-config="true" signature="beforeMethod()[pri:0, instance:com.webapp.test.medicare.MedicareUserTest@48ae9b55]" started-at="2021-11-17T15:23:42 IST" name="beforeMethod" finished-at="2021-11-17T15:23:45 IST" duration-ms="3184" status="PASS">
          <reporter-output>
          </reporter-output>
        </test-method> <!-- beforeMethod -->
        <test-method signature="testLoginButton()[pri:0, instance:com.webapp.test.medicare.MedicareUserTest@48ae9b55]" started-at="2021-11-17T15:23:45 IST" name="testLoginButton" finished-at="2021-11-17T15:23:45 IST" duration-ms="125" status="PASS">
          <reporter-output>
          </reporter-output>
        </test-method> <!-- testLoginButton -->
        <test-method is-config="true" signature="afterMethod()[pri:0, instance:com.webapp.test.medicare.MedicareUserTest@48ae9b55]" started-at="2021-11-17T15:23:45 IST" name="afterMethod" finished-at="2021-11-17T15:23:45 IST" duration-ms="96" status="PASS">
          <reporter-output>
          </reporter-output>
        </test-method> <!-- afterMethod -->
        <test-method is-config="true" signature="beforeMethod()[pri:0, instance:com.webapp.test.medicare.MedicareUserTest@48ae9b55]" started-at="2021-11-17T15:23:45 IST" name="beforeMethod" finished-at="2021-11-17T15:23:49 IST" duration-ms="3683" status="PASS">
          <reporter-output>
          </reporter-output>
        </test-method> <!-- beforeMethod -->
        <test-method signature="testMedicareHomepage()[pri:0, instance:com.webapp.test.medicare.MedicareUserTest@48ae9b55]" started-at="2021-11-17T15:23:49 IST" name="testMedicareHomepage" finished-at="2021-11-17T15:23:49 IST" duration-ms="19" status="PASS">
          <reporter-output>
          </reporter-output>
        </test-method> <!-- testMedicareHomepage -->
        <test-method is-config="true" signature="afterMethod()[pri:0, instance:com.webapp.test.medicare.MedicareUserTest@48ae9b55]" started-at="2021-11-17T15:23:49 IST" name="afterMethod" finished-at="2021-11-17T15:23:49 IST" duration-ms="138" status="PASS">
          <reporter-output>
          </reporter-output>
        </test-method> <!-- afterMethod -->
        <test-method is-config="true" signature="beforeMethod()[pri:0, instance:com.webapp.test.medicare.MedicareUserTest@48ae9b55]" started-at="2021-11-17T15:23:49 IST" name="beforeMethod" finished-at="2021-11-17T15:23:52 IST" duration-ms="3312" status="PASS">
          <reporter-output>
          </reporter-output>
        </test-method> <!-- beforeMethod -->
        <test-method signature="testSignUpButton()[pri:0, instance:com.webapp.test.medicare.MedicareUserTest@48ae9b55]" started-at="2021-11-17T15:23:52 IST" name="testSignUpButton" finished-at="2021-11-17T15:23:52 IST" duration-ms="156" status="PASS">
          <reporter-output>
          </reporter-output>
        </test-method> <!-- testSignUpButton -->
        <test-method is-config="true" signature="afterMethod()[pri:0, instance:com.webapp.test.medicare.MedicareUserTest@48ae9b55]" started-at="2021-11-17T15:23:52 IST" name="afterMethod" finished-at="2021-11-17T15:23:52 IST" duration-ms="167" status="PASS">
          <reporter-output>
          </reporter-output>
        </test-method> <!-- afterMethod -->
        <test-method is-config="true" signature="beforeMethod()[pri:0, instance:com.webapp.test.medicare.MedicareUserTest@48ae9b55]" started-at="2021-11-17T15:23:52 IST" name="beforeMethod" finished-at="2021-11-17T15:23:56 IST" duration-ms="3569" status="PASS">
          <reporter-output>
          </reporter-output>
        </test-method> <!-- beforeMethod -->
        <test-method signature="testUserCart()[pri:0, instance:com.webapp.test.medicare.MedicareUserTest@48ae9b55]" started-at="2021-11-17T15:23:56 IST" name="testUserCart" finished-at="2021-11-17T15:23:57 IST" duration-ms="1411" status="PASS">
          <reporter-output>
          </reporter-output>
        </test-method> <!-- testUserCart -->
        <test-method is-config="true" signature="afterMethod()[pri:0, instance:com.webapp.test.medicare.MedicareUserTest@48ae9b55]" started-at="2021-11-17T15:23:57 IST" name="afterMethod" finished-at="2021-11-17T15:23:58 IST" duration-ms="155" status="PASS">
          <reporter-output>
          </reporter-output>
        </test-method> <!-- afterMethod -->
        <test-method is-config="true" signature="beforeMethod()[pri:0, instance:com.webapp.test.medicare.MedicareUserTest@48ae9b55]" started-at="2021-11-17T15:23:58 IST" name="beforeMethod" finished-at="2021-11-17T15:24:01 IST" duration-ms="3348" status="PASS">
          <reporter-output>
          </reporter-output>
        </test-method> <!-- beforeMethod -->
        <test-method signature="testUserLogin()[pri:0, instance:com.webapp.test.medicare.MedicareUserTest@48ae9b55]" started-at="2021-11-17T15:24:01 IST" name="testUserLogin" finished-at="2021-11-17T15:24:02 IST" duration-ms="1281" status="PASS">
          <reporter-output>
          </reporter-output>
        </test-method> <!-- testUserLogin -->
        <test-method is-config="true" signature="afterMethod()[pri:0, instance:com.webapp.test.medicare.MedicareUserTest@48ae9b55]" started-at="2021-11-17T15:24:02 IST" name="afterMethod" finished-at="2021-11-17T15:24:02 IST" duration-ms="135" status="PASS">
          <reporter-output>
          </reporter-output>
        </test-method> <!-- afterMethod -->
        <test-method is-config="true" signature="beforeMethod()[pri:0, instance:com.webapp.test.medicare.MedicareUserTest@48ae9b55]" started-at="2021-11-17T15:24:02 IST" name="beforeMethod" finished-at="2021-11-17T15:24:06 IST" duration-ms="3634" status="PASS">
          <reporter-output>
          </reporter-output>
        </test-method> <!-- beforeMethod -->
        <test-method signature="testUserLoginElements()[pri:0, instance:com.webapp.test.medicare.MedicareUserTest@48ae9b55]" started-at="2021-11-17T15:24:06 IST" name="testUserLoginElements" finished-at="2021-11-17T15:24:06 IST" duration-ms="195" status="PASS">
          <reporter-output>
          </reporter-output>
        </test-method> <!-- testUserLoginElements -->
        <test-method is-config="true" signature="afterMethod()[pri:0, instance:com.webapp.test.medicare.MedicareUserTest@48ae9b55]" started-at="2021-11-17T15:24:06 IST" name="afterMethod" finished-at="2021-11-17T15:24:06 IST" duration-ms="151" status="PASS">
          <reporter-output>
          </reporter-output>
        </test-method> <!-- afterMethod -->
        <test-method is-config="true" signature="beforeMethod()[pri:0, instance:com.webapp.test.medicare.MedicareUserTest@48ae9b55]" started-at="2021-11-17T15:24:06 IST" name="beforeMethod" finished-at="2021-11-17T15:24:10 IST" duration-ms="3352" status="PASS">
          <reporter-output>
          </reporter-output>
        </test-method> <!-- beforeMethod -->
        <test-method signature="testUserSignUp()[pri:0, instance:com.webapp.test.medicare.MedicareUserTest@48ae9b55]" started-at="2021-11-17T15:24:10 IST" name="testUserSignUp" finished-at="2021-11-17T15:24:10 IST" duration-ms="255" status="PASS">
          <reporter-output>
          </reporter-output>
        </test-method> <!-- testUserSignUp -->
        <test-method is-config="true" signature="afterMethod()[pri:0, instance:com.webapp.test.medicare.MedicareUserTest@48ae9b55]" started-at="2021-11-17T15:24:10 IST" name="afterMethod" finished-at="2021-11-17T15:24:10 IST" duration-ms="135" status="PASS">
          <reporter-output>
          </reporter-output>
        </test-method> <!-- afterMethod -->
      </class> <!-- com.webapp.test.medicare.MedicareUserTest -->
    </test> <!-- User Test -->
    <test started-at="2021-11-17T15:24:10 IST" name="Admin Test" finished-at="2021-11-17T15:24:57 IST" duration-ms="46870">
      <class name="com.webapp.test.medicare.MedicareAdminTest">
        <test-method is-config="true" signature="beforeMethod()[pri:0, instance:com.webapp.test.medicare.MedicareAdminTest@4fb0f2b9]" started-at="2021-11-17T15:24:10 IST" name="beforeMethod" finished-at="2021-11-17T15:24:14 IST" duration-ms="3513" status="PASS">
          <reporter-output>
          </reporter-output>
        </test-method> <!-- beforeMethod -->
        <test-method signature="testAboutButton()[pri:0, instance:com.webapp.test.medicare.MedicareAdminTest@4fb0f2b9]" started-at="2021-11-17T15:24:14 IST" name="testAboutButton" finished-at="2021-11-17T15:24:14 IST" duration-ms="110" status="PASS">
          <reporter-output>
          </reporter-output>
        </test-method> <!-- testAboutButton -->
        <test-method is-config="true" signature="afterMethod()[pri:0, instance:com.webapp.test.medicare.MedicareAdminTest@4fb0f2b9]" started-at="2021-11-17T15:24:14 IST" name="afterMethod" finished-at="2021-11-17T15:24:18 IST" duration-ms="4342" status="PASS">
          <reporter-output>
          </reporter-output>
        </test-method> <!-- afterMethod -->
        <test-method is-config="true" signature="beforeMethod()[pri:0, instance:com.webapp.test.medicare.MedicareAdminTest@4fb0f2b9]" started-at="2021-11-17T15:24:18 IST" name="beforeMethod" finished-at="2021-11-17T15:24:21 IST" duration-ms="3446" status="PASS">
          <reporter-output>
          </reporter-output>
        </test-method> <!-- beforeMethod -->
        <test-method signature="testAdminLogin()[pri:0, instance:com.webapp.test.medicare.MedicareAdminTest@4fb0f2b9]" started-at="2021-11-17T15:24:21 IST" name="testAdminLogin" finished-at="2021-11-17T15:24:23 IST" duration-ms="1280" status="PASS">
          <reporter-output>
          </reporter-output>
        </test-method> <!-- testAdminLogin -->
        <test-method is-config="true" signature="afterMethod()[pri:0, instance:com.webapp.test.medicare.MedicareAdminTest@4fb0f2b9]" started-at="2021-11-17T15:24:23 IST" name="afterMethod" finished-at="2021-11-17T15:24:23 IST" duration-ms="89" status="PASS">
          <reporter-output>
          </reporter-output>
        </test-method> <!-- afterMethod -->
        <test-method is-config="true" signature="beforeMethod()[pri:0, instance:com.webapp.test.medicare.MedicareAdminTest@4fb0f2b9]" started-at="2021-11-17T15:24:23 IST" name="beforeMethod" finished-at="2021-11-17T15:24:26 IST" duration-ms="3628" status="PASS">
          <reporter-output>
          </reporter-output>
        </test-method> <!-- beforeMethod -->
        <test-method signature="testAdminLoginElements()[pri:0, instance:com.webapp.test.medicare.MedicareAdminTest@4fb0f2b9]" started-at="2021-11-17T15:24:26 IST" name="testAdminLoginElements" finished-at="2021-11-17T15:24:27 IST" duration-ms="193" status="PASS">
          <reporter-output>
          </reporter-output>
        </test-method> <!-- testAdminLoginElements -->
        <test-method is-config="true" signature="afterMethod()[pri:0, instance:com.webapp.test.medicare.MedicareAdminTest@4fb0f2b9]" started-at="2021-11-17T15:24:27 IST" name="afterMethod" finished-at="2021-11-17T15:24:27 IST" duration-ms="161" status="PASS">
          <reporter-output>
          </reporter-output>
        </test-method> <!-- afterMethod -->
        <test-method is-config="true" signature="beforeMethod()[pri:0, instance:com.webapp.test.medicare.MedicareAdminTest@4fb0f2b9]" started-at="2021-11-17T15:24:27 IST" name="beforeMethod" finished-at="2021-11-17T15:24:30 IST" duration-ms="3356" status="PASS">
          <reporter-output>
          </reporter-output>
        </test-method> <!-- beforeMethod -->
        <test-method signature="testAdminManageProducts()[pri:0, instance:com.webapp.test.medicare.MedicareAdminTest@4fb0f2b9]" started-at="2021-11-17T15:24:30 IST" name="testAdminManageProducts" finished-at="2021-11-17T15:24:32 IST" duration-ms="1494" status="PASS">
          <reporter-output>
          </reporter-output>
        </test-method> <!-- testAdminManageProducts -->
        <test-method is-config="true" signature="afterMethod()[pri:0, instance:com.webapp.test.medicare.MedicareAdminTest@4fb0f2b9]" started-at="2021-11-17T15:24:32 IST" name="afterMethod" finished-at="2021-11-17T15:24:32 IST" duration-ms="161" status="PASS">
          <reporter-output>
          </reporter-output>
        </test-method> <!-- afterMethod -->
        <test-method is-config="true" signature="beforeMethod()[pri:0, instance:com.webapp.test.medicare.MedicareAdminTest@4fb0f2b9]" started-at="2021-11-17T15:24:32 IST" name="beforeMethod" finished-at="2021-11-17T15:24:36 IST" duration-ms="4124" status="PASS">
          <reporter-output>
          </reporter-output>
        </test-method> <!-- beforeMethod -->
        <test-method signature="testAdminViewProducts()[pri:0, instance:com.webapp.test.medicare.MedicareAdminTest@4fb0f2b9]" started-at="2021-11-17T15:24:36 IST" name="testAdminViewProducts" finished-at="2021-11-17T15:24:37 IST" duration-ms="1399" status="PASS">
          <reporter-output>
          </reporter-output>
        </test-method> <!-- testAdminViewProducts -->
        <test-method is-config="true" signature="afterMethod()[pri:0, instance:com.webapp.test.medicare.MedicareAdminTest@4fb0f2b9]" started-at="2021-11-17T15:24:37 IST" name="afterMethod" finished-at="2021-11-17T15:24:42 IST" duration-ms="4365" status="PASS">
          <reporter-output>
          </reporter-output>
        </test-method> <!-- afterMethod -->
        <test-method is-config="true" signature="beforeMethod()[pri:0, instance:com.webapp.test.medicare.MedicareAdminTest@4fb0f2b9]" started-at="2021-11-17T15:24:42 IST" name="beforeMethod" finished-at="2021-11-17T15:24:45 IST" duration-ms="3405" status="PASS">
          <reporter-output>
          </reporter-output>
        </test-method> <!-- beforeMethod -->
        <test-method signature="testHompageSource()[pri:0, instance:com.webapp.test.medicare.MedicareAdminTest@4fb0f2b9]" started-at="2021-11-17T15:24:45 IST" name="testHompageSource" finished-at="2021-11-17T15:24:45 IST" duration-ms="17" status="PASS">
          <reporter-output>
          </reporter-output>
        </test-method> <!-- testHompageSource -->
        <test-method is-config="true" signature="afterMethod()[pri:0, instance:com.webapp.test.medicare.MedicareAdminTest@4fb0f2b9]" started-at="2021-11-17T15:24:45 IST" name="afterMethod" finished-at="2021-11-17T15:24:45 IST" duration-ms="185" status="PASS">
          <reporter-output>
          </reporter-output>
        </test-method> <!-- afterMethod -->
        <test-method is-config="true" signature="beforeMethod()[pri:0, instance:com.webapp.test.medicare.MedicareAdminTest@4fb0f2b9]" started-at="2021-11-17T15:24:45 IST" name="beforeMethod" finished-at="2021-11-17T15:24:49 IST" duration-ms="3554" status="PASS">
          <reporter-output>
          </reporter-output>
        </test-method> <!-- beforeMethod -->
        <test-method signature="testLoginButton()[pri:0, instance:com.webapp.test.medicare.MedicareAdminTest@4fb0f2b9]" started-at="2021-11-17T15:24:49 IST" name="testLoginButton" finished-at="2021-11-17T15:24:49 IST" duration-ms="115" status="PASS">
          <reporter-output>
          </reporter-output>
        </test-method> <!-- testLoginButton -->
        <test-method is-config="true" signature="afterMethod()[pri:0, instance:com.webapp.test.medicare.MedicareAdminTest@4fb0f2b9]" started-at="2021-11-17T15:24:49 IST" name="afterMethod" finished-at="2021-11-17T15:24:49 IST" duration-ms="110" status="PASS">
          <reporter-output>
          </reporter-output>
        </test-method> <!-- afterMethod -->
        <test-method is-config="true" signature="beforeMethod()[pri:0, instance:com.webapp.test.medicare.MedicareAdminTest@4fb0f2b9]" started-at="2021-11-17T15:24:49 IST" name="beforeMethod" finished-at="2021-11-17T15:24:53 IST" duration-ms="3424" status="PASS">
          <reporter-output>
          </reporter-output>
        </test-method> <!-- beforeMethod -->
        <test-method signature="testMedicareHomepage()[pri:0, instance:com.webapp.test.medicare.MedicareAdminTest@4fb0f2b9]" started-at="2021-11-17T15:24:53 IST" name="testMedicareHomepage" finished-at="2021-11-17T15:24:53 IST" duration-ms="25" status="PASS">
          <reporter-output>
          </reporter-output>
        </test-method> <!-- testMedicareHomepage -->
        <test-method is-config="true" signature="afterMethod()[pri:0, instance:com.webapp.test.medicare.MedicareAdminTest@4fb0f2b9]" started-at="2021-11-17T15:24:53 IST" name="afterMethod" finished-at="2021-11-17T15:24:57 IST" duration-ms="4361" status="PASS">
          <reporter-output>
          </reporter-output>
        </test-method> <!-- afterMethod -->
      </class> <!-- com.webapp.test.medicare.MedicareAdminTest -->
    </test> <!-- Admin Test -->
  </suite> <!-- Medicare Testsuite -->
</testng-results>
